2021-10-18 03:22:01.065021: Creating client 1
2021-10-18 03:22:01.066294: Attributes of client 1:
number_of_requests :10
request_gap :1
faulty_client :False
2021-10-18 03:22:02.085041: Client is sending :1----->0 to all replicas
2021-10-18 03:22:03.123949: Client is sending :1----->1 to all replicas
2021-10-18 03:22:04.131204: Client is sending :1----->2 to all replicas
2021-10-18 03:22:04.133552: Received transaction :1----->0 committed message from replica 3
2021-10-18 03:22:04.134216: Transactions committed count :0,10
2021-10-18 03:22:04.134837: Received transaction :1----->0 committed message from replica 2
2021-10-18 03:22:04.135656: Transactions committed count :0,10
2021-10-18 03:22:04.136415: Received transaction :1----->0 committed message from replica 1
2021-10-18 03:22:04.137065: Transactions committed count :1,10
2021-10-18 03:22:04.137688: Received transaction :1----->0 committed message from replica 0
2021-10-18 03:22:04.138286: Transactions committed count :1,10
2021-10-18 03:22:05.142389: Client is sending :1----->3 to all replicas
2021-10-18 03:22:05.144313: Received transaction :1----->1 committed message from replica 1
2021-10-18 03:22:05.144893: Transactions committed count :1,10
2021-10-18 03:22:05.145498: Received transaction :1----->1 committed message from replica 3
2021-10-18 03:22:05.146096: Transactions committed count :1,10
2021-10-18 03:22:05.147130: Received transaction :1----->1 committed message from replica 2
2021-10-18 03:22:05.147665: Transactions committed count :2,10
2021-10-18 03:22:05.148190: Received transaction :1----->1 committed message from replica 0
2021-10-18 03:22:05.148731: Transactions committed count :2,10
2021-10-18 03:22:06.150722: Client is sending :1----->4 to all replicas
2021-10-18 03:22:06.153079: Received transaction :1----->2 committed message from replica 3
2021-10-18 03:22:06.153889: Transactions committed count :2,10
2021-10-18 03:22:06.154514: Received transaction :1----->2 committed message from replica 1
2021-10-18 03:22:06.155118: Transactions committed count :2,10
2021-10-18 03:22:06.156107: Received transaction :1----->2 committed message from replica 0
2021-10-18 03:22:06.157158: Transactions committed count :3,10
2021-10-18 03:22:06.157882: Received transaction :1----->2 committed message from replica 2
2021-10-18 03:22:06.158620: Transactions committed count :3,10
2021-10-18 03:22:07.160251: Client is sending :1----->5 to all replicas
2021-10-18 03:22:07.162611: Received transaction :1----->3 committed message from replica 1
2021-10-18 03:22:07.163185: Transactions committed count :3,10
2021-10-18 03:22:07.163732: Received transaction :1----->3 committed message from replica 2
2021-10-18 03:22:07.164285: Transactions committed count :3,10
2021-10-18 03:22:07.164812: Received transaction :1----->3 committed message from replica 0
2021-10-18 03:22:07.165356: Transactions committed count :4,10
2021-10-18 03:22:07.165916: Received transaction :1----->3 committed message from replica 3
2021-10-18 03:22:07.166415: Transactions committed count :4,10
2021-10-18 03:22:08.167560: Client is sending :1----->6 to all replicas
2021-10-18 03:22:08.169901: Received transaction :1----->4 committed message from replica 3
2021-10-18 03:22:08.170717: Transactions committed count :4,10
2021-10-18 03:22:08.171395: Received transaction :1----->4 committed message from replica 1
2021-10-18 03:22:08.172200: Transactions committed count :4,10
2021-10-18 03:22:08.172952: Received transaction :1----->4 committed message from replica 2
2021-10-18 03:22:08.173598: Transactions committed count :5,10
2021-10-18 03:22:08.174232: Received transaction :1----->4 committed message from replica 0
2021-10-18 03:22:08.174790: Transactions committed count :5,10
2021-10-18 03:22:09.175923: Client is sending :1----->7 to all replicas
2021-10-18 03:22:09.178765: Received transaction :1----->5 committed message from replica 1
2021-10-18 03:22:09.179337: Transactions committed count :5,10
2021-10-18 03:22:09.179851: Received transaction :1----->5 committed message from replica 0
2021-10-18 03:22:09.180487: Transactions committed count :5,10
2021-10-18 03:22:09.181079: Received transaction :1----->5 committed message from replica 3
2021-10-18 03:22:09.181608: Transactions committed count :6,10
2021-10-18 03:22:09.182113: Received transaction :1----->5 committed message from replica 2
2021-10-18 03:22:09.182651: Transactions committed count :6,10
2021-10-18 03:22:10.183969: Client is sending :1----->8 to all replicas
2021-10-18 03:22:10.186157: Received transaction :1----->6 committed message from replica 3
2021-10-18 03:22:10.186782: Transactions committed count :6,10
2021-10-18 03:22:10.187305: Received transaction :1----->6 committed message from replica 2
2021-10-18 03:22:10.187819: Transactions committed count :6,10
2021-10-18 03:22:10.188316: Received transaction :1----->6 committed message from replica 0
2021-10-18 03:22:10.189001: Transactions committed count :7,10
2021-10-18 03:22:10.189523: Received transaction :1----->6 committed message from replica 1
2021-10-18 03:22:10.190147: Transactions committed count :7,10
2021-10-18 03:22:11.194999: Client is sending :1----->9 to all replicas
2021-10-18 03:22:11.200815: Received transaction :1----->7 committed message from replica 1
2021-10-18 03:22:11.202749: Transactions committed count :7,10
2021-10-18 03:22:11.203277: Received transaction :1----->7 committed message from replica 2
2021-10-18 03:22:11.203826: Transactions committed count :7,10
2021-10-18 03:22:11.204320: Received transaction :1----->7 committed message from replica 3
2021-10-18 03:22:11.204815: Transactions committed count :8,10
2021-10-18 03:22:11.205305: Request root to send dummy txns to replicas
2021-10-18 03:22:11.206174: Received transaction :1----->7 committed message from replica 0
2021-10-18 03:22:11.206676: Transactions committed count :8,10
2021-10-18 03:22:11.263460: Received transaction :1----->8 committed message from replica 3
2021-10-18 03:22:11.264133: Transactions committed count :8,10
2021-10-18 03:22:11.284765: Received transaction :1----->8 committed message from replica 1
2021-10-18 03:22:11.285362: Transactions committed count :8,10
2021-10-18 03:22:11.288667: Received transaction :1----->8 committed message from replica 2
2021-10-18 03:22:11.289255: Transactions committed count :9,10
2021-10-18 03:22:11.292189: Received transaction :1----->8 committed message from replica 0
2021-10-18 03:22:11.292935: Transactions committed count :9,10
2021-10-18 03:22:11.414146: Received transaction :1----->9 committed message from replica 1
2021-10-18 03:22:11.414684: Transactions committed count :9,10
2021-10-18 03:22:11.433147: Received transaction :1----->9 committed message from replica 3
2021-10-18 03:22:11.433717: Transactions committed count :9,10
2021-10-18 03:22:11.436677: Received transaction :1----->9 committed message from replica 0
2021-10-18 03:22:11.437278: Transactions committed count :10,10
2021-10-18 03:22:11.437818: Terminating client 1
