2021-10-18 03:22:01.043265: Creating Replica 0
2021-10-18 03:22:01.044639: Attributes of Replica 0:
window_size :1
delta :2
exclude_size :1
commit_state_id :0
2021-10-18 03:22:01.057105: Replica started 0
2021-10-18 03:22:01.057950: sending messages to all processes from replica 0
2021-10-18 03:22:01.058478: Started processing new round event 
2021-10-18 03:22:02.075944: Received Client Request from 0
2021-10-18 03:22:02.077252: verified client signature for cmd 0----->0
2021-10-18 03:22:02.078386: Generating Block
2021-10-18 03:22:02.079156: Sending Proposal message to all replicas containing block ->Block Author :0 Transactions :0----->0
2021-10-18 03:22:02.079788: Sending new round event 
2021-10-18 03:22:02.081978: Received proposal message from 0 containing block ->Block Author :0 Transactions :0----->0
2021-10-18 03:22:02.082651: Started event processing for message <libra.Objects.ProposalMsg object at 0x106486990> of type proposal_message
2021-10-18 03:22:02.083170: Started event processing
2021-10-18 03:22:02.083683: Started process certificate qc
2021-10-18 03:22:02.084276: Advancing round based on qc
2021-10-18 03:22:02.084858: Started process certificate qc
2021-10-18 03:22:02.085491: Advancing round based on qc
2021-10-18 03:22:02.086331: Advancing round based on tc
2021-10-18 03:22:02.086978: Executing and Inserting
2021-10-18 03:22:02.087526: Adding block with 1613353705449914415 in ledger pending_map
2021-10-18 03:22:02.088080: Started make vote
2021-10-18 03:22:02.088640: Verified Signatures for proposal.
2021-10-18 03:22:02.089375: Generated signature to make vote 
2021-10-18 03:22:02.089947: Finished make vote 
2021-10-18 03:22:02.090459: Sending vote message to : 0
2021-10-18 03:22:02.091012: Message loss in replica
2021-10-18 03:22:02.091866: Received Client Request from 1
2021-10-18 03:22:02.092658: verified client signature for cmd 1----->0
2021-10-18 03:22:02.146867: Received proposal message from 1 containing block ->Block Author :1 Transactions :1----->0
2021-10-18 03:22:02.147508: Started event processing for message <libra.Objects.ProposalMsg object at 0x106533c50> of type proposal_message
2021-10-18 03:22:02.148272: Started event processing
2021-10-18 03:22:02.149210: Started process certificate qc
2021-10-18 03:22:02.149736: Advancing round based on qc
2021-10-18 03:22:02.150197: Stopping round in PaceMaker
2021-10-18 03:22:02.150897: Started round in PaceMaker
2021-10-18 03:22:02.153869: Started process certificate qc
2021-10-18 03:22:02.154769: Advancing round based on qc
2021-10-18 03:22:02.155477: Advancing round based on tc
2021-10-18 03:22:02.156175: Executing and Inserting
2021-10-18 03:22:02.156762: Adding block with -3004398562440799499 in ledger pending_map
2021-10-18 03:22:02.157391: Started make vote
2021-10-18 03:22:02.158102: Verified Signatures for proposal.
2021-10-18 03:22:02.158797: Generated signature to make vote 
2021-10-18 03:22:02.159327: Fetching pending state for block_id -3004398562440799499
2021-10-18 03:22:02.159952: Finished make vote 
2021-10-18 03:22:02.160491: Sending vote message to : 1
2021-10-18 03:22:02.160986: Message loss in replica
2021-10-18 03:22:03.097114: Received Client Request from 0
2021-10-18 03:22:03.098087: verified client signature for cmd 0----->1
2021-10-18 03:22:03.119749: Received proposal message from 2 containing block ->Block Author :2 Transactions :0----->1
2021-10-18 03:22:03.120294: Started event processing for message <libra.Objects.ProposalMsg object at 0x106533e50> of type proposal_message
2021-10-18 03:22:03.121010: Started event processing
2021-10-18 03:22:03.121509: Started process certificate qc
2021-10-18 03:22:03.122257: Committed txn : 0----->0 to ledger
2021-10-18 03:22:03.126162: Updated commited-blocks cache
2021-10-18 03:22:03.126740: Pruned pending state tree.
2021-10-18 03:22:03.127298: Advancing round based on qc
2021-10-18 03:22:03.127794: Stopping round in PaceMaker
2021-10-18 03:22:03.129061: Started round in PaceMaker
2021-10-18 03:22:03.132205: Started process certificate qc
2021-10-18 03:22:03.132849: Advancing round based on qc
2021-10-18 03:22:03.133451: Advancing round based on tc
2021-10-18 03:22:03.133959: Executing and Inserting
2021-10-18 03:22:03.134587: Adding block with 6200101939527079761 in ledger pending_map
2021-10-18 03:22:03.135127: Started make vote
2021-10-18 03:22:03.136539: Verified Signatures for proposal.
2021-10-18 03:22:03.137791: Generated signature to make vote 
2021-10-18 03:22:03.138326: Fetching pending state for block_id 6200101939527079761
2021-10-18 03:22:03.138889: Finished make vote 
2021-10-18 03:22:03.139438: Sending vote message to : 2
2021-10-18 03:22:03.139972: Message loss in replica
2021-10-18 03:22:03.150716: Received Client Request from 1
2021-10-18 03:22:03.151665: verified client signature for cmd 1----->1
2021-10-18 03:22:03.224997: Received proposal message from 3 containing block ->Block Author :3 Transactions :1----->1
2021-10-18 03:22:03.226542: Started event processing for message <libra.Objects.ProposalMsg object at 0x106543650> of type proposal_message
2021-10-18 03:22:03.227227: Started event processing
2021-10-18 03:22:03.227932: Started process certificate qc
2021-10-18 03:22:03.229200: Committed txn : 1----->0 to ledger
2021-10-18 03:22:03.230146: Updated commited-blocks cache
2021-10-18 03:22:03.230937: Pruned pending state tree.
2021-10-18 03:22:03.231460: Advancing round based on qc
2021-10-18 03:22:03.231988: Stopping round in PaceMaker
2021-10-18 03:22:03.232564: Started round in PaceMaker
2021-10-18 03:22:03.237161: Started process certificate qc
2021-10-18 03:22:03.237763: Advancing round based on qc
2021-10-18 03:22:03.238474: Advancing round based on tc
2021-10-18 03:22:03.239184: Executing and Inserting
2021-10-18 03:22:03.240432: Adding block with 5643909452850069633 in ledger pending_map
2021-10-18 03:22:03.241125: Started make vote
2021-10-18 03:22:03.242575: Verified Signatures for proposal.
2021-10-18 03:22:03.243336: Generated signature to make vote 
2021-10-18 03:22:03.243880: Fetching pending state for block_id 5643909452850069633
2021-10-18 03:22:03.244406: Finished make vote 
2021-10-18 03:22:03.245053: Sending vote message to : 3
2021-10-18 03:22:03.245859: Message loss in replica
2021-10-18 03:22:03.246404: Received vote message from 3
2021-10-18 03:22:03.246944: Started event processing for message <libra.Objects.VoteMsg object at 0x106533f90> of type vote_message
2021-10-18 03:22:03.247422: Started processing vote message 
2021-10-18 03:22:03.247971: Processing Vote
2021-10-18 03:22:03.248813: Signature verified to process vote. 
2021-10-18 03:22:03.250586: Received vote message from 2
2021-10-18 03:22:03.251306: Started event processing for message <libra.Objects.VoteMsg object at 0x106543190> of type vote_message
2021-10-18 03:22:03.251953: Started processing vote message 
2021-10-18 03:22:03.252553: Processing Vote
2021-10-18 03:22:03.253484: Signature verified to process vote. 
2021-10-18 03:22:03.254123: Received vote message from 1
2021-10-18 03:22:03.254629: Started event processing for message <libra.Objects.VoteMsg object at 0x106543e90> of type vote_message
2021-10-18 03:22:03.255159: Started processing vote message 
2021-10-18 03:22:03.255725: Processing Vote
2021-10-18 03:22:03.256599: Signature verified to process vote. 
2021-10-18 03:22:03.257365: Started process certificate qc
2021-10-18 03:22:03.258704: Committed txn : 0----->1 to ledger
2021-10-18 03:22:03.259819: Updated commited-blocks cache
2021-10-18 03:22:03.260396: Pruned pending state tree.
2021-10-18 03:22:03.260922: Advancing round based on qc
2021-10-18 03:22:03.261417: Stopping round in PaceMaker
2021-10-18 03:22:03.262053: Started round in PaceMaker
2021-10-18 03:22:03.262966: Started processing new round event 
2021-10-18 03:22:04.093600: Received Client Request from 0
2021-10-18 03:22:04.094509: verified client signature for cmd 0----->2
2021-10-18 03:22:04.095520: Generating Block
2021-10-18 03:22:04.096138: Sending Proposal message to all replicas containing block ->Block Author :0 Transactions :0----->2
2021-10-18 03:22:04.096633: Sending new round event 
2021-10-18 03:22:04.099293: Received proposal message from 0 containing block ->Block Author :0 Transactions :0----->2
2021-10-18 03:22:04.100026: Started event processing for message <libra.Objects.ProposalMsg object at 0x106481790> of type proposal_message
2021-10-18 03:22:04.100575: Started event processing
2021-10-18 03:22:04.101338: Started process certificate qc
2021-10-18 03:22:04.102271: Advancing round based on qc
2021-10-18 03:22:04.103079: Started process certificate qc
2021-10-18 03:22:04.103708: Advancing round based on qc
2021-10-18 03:22:04.104214: Advancing round based on tc
2021-10-18 03:22:04.104712: Executing and Inserting
2021-10-18 03:22:04.105223: Adding block with -537713249692676780 in ledger pending_map
2021-10-18 03:22:04.105721: Started make vote
2021-10-18 03:22:04.107014: Verified Signatures for proposal.
2021-10-18 03:22:04.107665: Generated signature to make vote 
2021-10-18 03:22:04.108206: Fetching pending state for block_id -537713249692676780
2021-10-18 03:22:04.108823: Finished make vote 
2021-10-18 03:22:04.109325: Sending vote message to : 0
2021-10-18 03:22:04.109823: Message loss in replica
2021-10-18 03:22:04.150975: Received Client Request from 1
2021-10-18 03:22:04.151877: verified client signature for cmd 1----->2
2021-10-18 03:22:04.212571: Received proposal message from 1 containing block ->Block Author :1 Transactions :1----->2
2021-10-18 03:22:04.213256: Started event processing for message <libra.Objects.ProposalMsg object at 0x106546450> of type proposal_message
2021-10-18 03:22:04.213765: Started event processing
2021-10-18 03:22:04.214277: Started process certificate qc
2021-10-18 03:22:04.214894: Committed txn : 1----->1 to ledger
2021-10-18 03:22:04.215818: Updated commited-blocks cache
2021-10-18 03:22:04.216394: Pruned pending state tree.
2021-10-18 03:22:04.217059: Advancing round based on qc
2021-10-18 03:22:04.217574: Stopping round in PaceMaker
2021-10-18 03:22:04.218333: Started round in PaceMaker
2021-10-18 03:22:04.219240: Started process certificate qc
2021-10-18 03:22:04.219859: Advancing round based on qc
2021-10-18 03:22:04.220447: Advancing round based on tc
2021-10-18 03:22:04.220998: Executing and Inserting
2021-10-18 03:22:04.221496: Adding block with 4300772005106803950 in ledger pending_map
2021-10-18 03:22:04.222092: Started make vote
2021-10-18 03:22:04.223483: Verified Signatures for proposal.
2021-10-18 03:22:04.224254: Generated signature to make vote 
2021-10-18 03:22:04.224831: Fetching pending state for block_id 4300772005106803950
2021-10-18 03:22:04.225371: Finished make vote 
2021-10-18 03:22:04.225917: Sending vote message to : 1
2021-10-18 03:22:04.226401: Message loss in replica
2021-10-18 03:22:05.130535: Received Client Request from 0
2021-10-18 03:22:05.131533: verified client signature for cmd 0----->3
2021-10-18 03:22:05.132903: Received proposal message from 2 containing block ->Block Author :2 Transactions :0----->3
2021-10-18 03:22:05.133593: Started event processing for message <libra.Objects.ProposalMsg object at 0x1065460d0> of type proposal_message
2021-10-18 03:22:05.134508: Started event processing
2021-10-18 03:22:05.135568: Started process certificate qc
2021-10-18 03:22:05.137707: Committed txn : 0----->2 to ledger
2021-10-18 03:22:05.140170: Updated commited-blocks cache
2021-10-18 03:22:05.141107: Pruned pending state tree.
2021-10-18 03:22:05.141664: Advancing round based on qc
2021-10-18 03:22:05.142231: Stopping round in PaceMaker
2021-10-18 03:22:05.142792: Started round in PaceMaker
2021-10-18 03:22:05.146724: Started process certificate qc
2021-10-18 03:22:05.147294: Advancing round based on qc
2021-10-18 03:22:05.147798: Advancing round based on tc
2021-10-18 03:22:05.148302: Executing and Inserting
2021-10-18 03:22:05.149941: Adding block with -2483364319816102314 in ledger pending_map
2021-10-18 03:22:05.150454: Started make vote
2021-10-18 03:22:05.151816: Verified Signatures for proposal.
2021-10-18 03:22:05.152459: Generated signature to make vote 
2021-10-18 03:22:05.152946: Fetching pending state for block_id -2483364319816102314
2021-10-18 03:22:05.153529: Finished make vote 
2021-10-18 03:22:05.158542: Sending vote message to : 2
2021-10-18 03:22:05.160400: Message loss in replica
2021-10-18 03:22:05.161480: Received Client Request from 1
2021-10-18 03:22:05.162492: verified client signature for cmd 1----->3
2021-10-18 03:22:05.245383: Received proposal message from 3 containing block ->Block Author :3 Transactions :1----->3
2021-10-18 03:22:05.247436: Started event processing for message <libra.Objects.ProposalMsg object at 0x106543d50> of type proposal_message
2021-10-18 03:22:05.248681: Started event processing
2021-10-18 03:22:05.249202: Started process certificate qc
2021-10-18 03:22:05.249823: Committed txn : 1----->2 to ledger
2021-10-18 03:22:05.251230: Updated commited-blocks cache
2021-10-18 03:22:05.252178: Pruned pending state tree.
2021-10-18 03:22:05.256770: Advancing round based on qc
2021-10-18 03:22:05.265215: Stopping round in PaceMaker
2021-10-18 03:22:05.266221: Started round in PaceMaker
2021-10-18 03:22:05.267051: Started process certificate qc
2021-10-18 03:22:05.267673: Advancing round based on qc
2021-10-18 03:22:05.268796: Advancing round based on tc
2021-10-18 03:22:05.269725: Executing and Inserting
2021-10-18 03:22:05.270946: Adding block with -9094463313628866448 in ledger pending_map
2021-10-18 03:22:05.272306: Started make vote
2021-10-18 03:22:05.273830: Verified Signatures for proposal.
2021-10-18 03:22:05.274634: Generated signature to make vote 
2021-10-18 03:22:05.275206: Fetching pending state for block_id -9094463313628866448
2021-10-18 03:22:05.275797: Finished make vote 
2021-10-18 03:22:05.276640: Sending vote message to : 3
2021-10-18 03:22:05.277497: Message loss in replica
2021-10-18 03:22:05.279223: Received vote message from 3
2021-10-18 03:22:05.279970: Started event processing for message <libra.Objects.VoteMsg object at 0x1060ff4d0> of type vote_message
2021-10-18 03:22:05.281013: Started processing vote message 
2021-10-18 03:22:05.281545: Processing Vote
2021-10-18 03:22:05.282783: Signature verified to process vote. 
2021-10-18 03:22:05.283476: Received vote message from 1
2021-10-18 03:22:05.284061: Started event processing for message <libra.Objects.VoteMsg object at 0x106543d50> of type vote_message
2021-10-18 03:22:05.284797: Started processing vote message 
2021-10-18 03:22:05.285340: Processing Vote
2021-10-18 03:22:05.286235: Signature verified to process vote. 
2021-10-18 03:22:05.299647: Received vote message from 2
2021-10-18 03:22:05.300359: Started event processing for message <libra.Objects.VoteMsg object at 0x10654b110> of type vote_message
2021-10-18 03:22:05.300901: Started processing vote message 
2021-10-18 03:22:05.301457: Processing Vote
2021-10-18 03:22:05.302384: Signature verified to process vote. 
2021-10-18 03:22:05.304330: Started process certificate qc
2021-10-18 03:22:05.305393: Committed txn : 0----->3 to ledger
2021-10-18 03:22:05.306967: Updated commited-blocks cache
2021-10-18 03:22:05.307781: Pruned pending state tree.
2021-10-18 03:22:05.308374: Advancing round based on qc
2021-10-18 03:22:05.308916: Stopping round in PaceMaker
2021-10-18 03:22:05.309512: Started round in PaceMaker
2021-10-18 03:22:05.310230: Started processing new round event 
2021-10-18 03:22:06.111785: Received Client Request from 0
2021-10-18 03:22:06.112815: verified client signature for cmd 0----->4
2021-10-18 03:22:06.113842: Generating Block
2021-10-18 03:22:06.114427: Sending Proposal message to all replicas containing block ->Block Author :0 Transactions :0----->4
2021-10-18 03:22:06.114945: Sending new round event 
2021-10-18 03:22:06.117405: Received proposal message from 0 containing block ->Block Author :0 Transactions :0----->4
2021-10-18 03:22:06.118097: Started event processing for message <libra.Objects.ProposalMsg object at 0x10654bf90> of type proposal_message
2021-10-18 03:22:06.118732: Started event processing
2021-10-18 03:22:06.119239: Started process certificate qc
2021-10-18 03:22:06.120014: Advancing round based on qc
2021-10-18 03:22:06.120593: Started process certificate qc
2021-10-18 03:22:06.121372: Advancing round based on qc
2021-10-18 03:22:06.121905: Advancing round based on tc
2021-10-18 03:22:06.122484: Executing and Inserting
2021-10-18 03:22:06.122981: Adding block with 5981308118057324036 in ledger pending_map
2021-10-18 03:22:06.123497: Started make vote
2021-10-18 03:22:06.124861: Verified Signatures for proposal.
2021-10-18 03:22:06.125634: Generated signature to make vote 
2021-10-18 03:22:06.126162: Fetching pending state for block_id 5981308118057324036
2021-10-18 03:22:06.126687: Finished make vote 
2021-10-18 03:22:06.127195: Sending vote message to : 0
2021-10-18 03:22:06.127742: Message loss in replica
2021-10-18 03:22:06.165611: Received Client Request from 1
2021-10-18 03:22:06.167058: verified client signature for cmd 1----->4
2021-10-18 03:22:06.214626: Received proposal message from 1 containing block ->Block Author :1 Transactions :1----->4
2021-10-18 03:22:06.215381: Started event processing for message <libra.Objects.ProposalMsg object at 0x10654ea90> of type proposal_message
2021-10-18 03:22:06.216217: Started event processing
2021-10-18 03:22:06.216837: Started process certificate qc
2021-10-18 03:22:06.217502: Committed txn : 1----->3 to ledger
2021-10-18 03:22:06.218509: Updated commited-blocks cache
2021-10-18 03:22:06.219055: Pruned pending state tree.
2021-10-18 03:22:06.219577: Advancing round based on qc
2021-10-18 03:22:06.220123: Stopping round in PaceMaker
2021-10-18 03:22:06.220775: Started round in PaceMaker
2021-10-18 03:22:06.221573: Started process certificate qc
2021-10-18 03:22:06.222167: Advancing round based on qc
2021-10-18 03:22:06.222763: Advancing round based on tc
2021-10-18 03:22:06.223299: Executing and Inserting
2021-10-18 03:22:06.223874: Adding block with 5852242492338165906 in ledger pending_map
2021-10-18 03:22:06.224512: Started make vote
2021-10-18 03:22:06.225928: Verified Signatures for proposal.
2021-10-18 03:22:06.226808: Generated signature to make vote 
2021-10-18 03:22:06.227432: Fetching pending state for block_id 5852242492338165906
2021-10-18 03:22:06.228092: Finished make vote 
2021-10-18 03:22:06.228592: Sending vote message to : 1
2021-10-18 03:22:06.231231: Message loss in replica
2021-10-18 03:22:07.149355: Received Client Request from 0
2021-10-18 03:22:07.150387: verified client signature for cmd 0----->5
2021-10-18 03:22:07.151492: Received proposal message from 2 containing block ->Block Author :2 Transactions :0----->5
2021-10-18 03:22:07.152083: Started event processing for message <libra.Objects.ProposalMsg object at 0x106554350> of type proposal_message
2021-10-18 03:22:07.152604: Started event processing
2021-10-18 03:22:07.153127: Started process certificate qc
2021-10-18 03:22:07.153912: Committed txn : 0----->4 to ledger
2021-10-18 03:22:07.154992: Updated commited-blocks cache
2021-10-18 03:22:07.155597: Pruned pending state tree.
2021-10-18 03:22:07.156109: Advancing round based on qc
2021-10-18 03:22:07.156596: Stopping round in PaceMaker
2021-10-18 03:22:07.157164: Started round in PaceMaker
2021-10-18 03:22:07.160345: Started process certificate qc
2021-10-18 03:22:07.165644: Advancing round based on qc
2021-10-18 03:22:07.166192: Advancing round based on tc
2021-10-18 03:22:07.166686: Executing and Inserting
2021-10-18 03:22:07.171439: Adding block with 5414456538909361285 in ledger pending_map
2021-10-18 03:22:07.173509: Started make vote
2021-10-18 03:22:07.174857: Verified Signatures for proposal.
2021-10-18 03:22:07.175615: Generated signature to make vote 
2021-10-18 03:22:07.176198: Fetching pending state for block_id 5414456538909361285
2021-10-18 03:22:07.176793: Finished make vote 
2021-10-18 03:22:07.177357: Sending vote message to : 2
2021-10-18 03:22:07.177912: Message loss in replica
2021-10-18 03:22:07.180384: Received Client Request from 1
2021-10-18 03:22:07.184036: verified client signature for cmd 1----->5
2021-10-18 03:22:07.247302: Received proposal message from 3 containing block ->Block Author :3 Transactions :1----->5
2021-10-18 03:22:07.248182: Started event processing for message <libra.Objects.ProposalMsg object at 0x106554ad0> of type proposal_message
2021-10-18 03:22:07.251563: Started event processing
2021-10-18 03:22:07.271964: Started process certificate qc
2021-10-18 03:22:07.273049: Committed txn : 1----->4 to ledger
2021-10-18 03:22:07.274459: Updated commited-blocks cache
2021-10-18 03:22:07.276970: Pruned pending state tree.
2021-10-18 03:22:07.278147: Advancing round based on qc
2021-10-18 03:22:07.280089: Stopping round in PaceMaker
2021-10-18 03:22:07.280789: Started round in PaceMaker
2021-10-18 03:22:07.281840: Started process certificate qc
2021-10-18 03:22:07.282664: Advancing round based on qc
2021-10-18 03:22:07.283163: Advancing round based on tc
2021-10-18 03:22:07.283698: Executing and Inserting
2021-10-18 03:22:07.284268: Adding block with 5033223537730343836 in ledger pending_map
2021-10-18 03:22:07.284770: Started make vote
2021-10-18 03:22:07.286057: Verified Signatures for proposal.
2021-10-18 03:22:07.286782: Generated signature to make vote 
2021-10-18 03:22:07.287562: Fetching pending state for block_id 5033223537730343836
2021-10-18 03:22:07.288484: Finished make vote 
2021-10-18 03:22:07.289040: Sending vote message to : 3
2021-10-18 03:22:07.289532: Message loss in replica
2021-10-18 03:22:07.292056: Received vote message from 3
2021-10-18 03:22:07.292938: Started event processing for message <libra.Objects.VoteMsg object at 0x106554fd0> of type vote_message
2021-10-18 03:22:07.293523: Started processing vote message 
2021-10-18 03:22:07.294060: Processing Vote
2021-10-18 03:22:07.295488: Signature verified to process vote. 
2021-10-18 03:22:07.296520: Received vote message from 2
2021-10-18 03:22:07.297509: Started event processing for message <libra.Objects.VoteMsg object at 0x10654eb90> of type vote_message
2021-10-18 03:22:07.298287: Started processing vote message 
2021-10-18 03:22:07.298814: Processing Vote
2021-10-18 03:22:07.299646: Signature verified to process vote. 
2021-10-18 03:22:07.300193: Received vote message from 1
2021-10-18 03:22:07.300792: Started event processing for message <libra.Objects.VoteMsg object at 0x106554f10> of type vote_message
2021-10-18 03:22:07.301337: Started processing vote message 
2021-10-18 03:22:07.301892: Processing Vote
2021-10-18 03:22:07.302928: Signature verified to process vote. 
2021-10-18 03:22:07.303705: Started process certificate qc
2021-10-18 03:22:07.304428: Committed txn : 0----->5 to ledger
2021-10-18 03:22:07.305592: Updated commited-blocks cache
2021-10-18 03:22:07.306201: Pruned pending state tree.
2021-10-18 03:22:07.306718: Advancing round based on qc
2021-10-18 03:22:07.307209: Stopping round in PaceMaker
2021-10-18 03:22:07.307761: Started round in PaceMaker
2021-10-18 03:22:07.308443: Started processing new round event 
2021-10-18 03:22:08.129992: Received Client Request from 0
2021-10-18 03:22:08.130981: verified client signature for cmd 0----->6
2021-10-18 03:22:08.132349: Generating Block
2021-10-18 03:22:08.132953: Sending Proposal message to all replicas containing block ->Block Author :0 Transactions :0----->6
2021-10-18 03:22:08.133562: Sending new round event 
2021-10-18 03:22:08.136055: Received proposal message from 0 containing block ->Block Author :0 Transactions :0----->6
2021-10-18 03:22:08.136727: Started event processing for message <libra.Objects.ProposalMsg object at 0x106554350> of type proposal_message
2021-10-18 03:22:08.137410: Started event processing
2021-10-18 03:22:08.138058: Started process certificate qc
2021-10-18 03:22:08.138880: Advancing round based on qc
2021-10-18 03:22:08.139485: Started process certificate qc
2021-10-18 03:22:08.140085: Advancing round based on qc
2021-10-18 03:22:08.140681: Advancing round based on tc
2021-10-18 03:22:08.141325: Executing and Inserting
2021-10-18 03:22:08.141913: Adding block with 5948698212518747771 in ledger pending_map
2021-10-18 03:22:08.142578: Started make vote
2021-10-18 03:22:08.143938: Verified Signatures for proposal.
2021-10-18 03:22:08.145121: Generated signature to make vote 
2021-10-18 03:22:08.146008: Fetching pending state for block_id 5948698212518747771
2021-10-18 03:22:08.146838: Finished make vote 
2021-10-18 03:22:08.147550: Sending vote message to : 0
2021-10-18 03:22:08.148212: Message loss in replica
2021-10-18 03:22:08.180798: Received Client Request from 1
2021-10-18 03:22:08.182070: verified client signature for cmd 1----->6
2021-10-18 03:22:08.231200: Received proposal message from 1 containing block ->Block Author :1 Transactions :1----->6
2021-10-18 03:22:08.232016: Started event processing for message <libra.Objects.ProposalMsg object at 0x106556ed0> of type proposal_message
2021-10-18 03:22:08.232646: Started event processing
2021-10-18 03:22:08.233260: Started process certificate qc
2021-10-18 03:22:08.233989: Committed txn : 1----->5 to ledger
2021-10-18 03:22:08.235029: Updated commited-blocks cache
2021-10-18 03:22:08.235596: Pruned pending state tree.
2021-10-18 03:22:08.236174: Advancing round based on qc
2021-10-18 03:22:08.236697: Stopping round in PaceMaker
2021-10-18 03:22:08.237253: Started round in PaceMaker
2021-10-18 03:22:08.239014: Started process certificate qc
2021-10-18 03:22:08.239571: Advancing round based on qc
2021-10-18 03:22:08.240417: Advancing round based on tc
2021-10-18 03:22:08.241134: Executing and Inserting
2021-10-18 03:22:08.241724: Adding block with 2730805742864837945 in ledger pending_map
2021-10-18 03:22:08.242251: Started make vote
2021-10-18 03:22:08.243915: Verified Signatures for proposal.
2021-10-18 03:22:08.244604: Generated signature to make vote 
2021-10-18 03:22:08.245144: Fetching pending state for block_id 2730805742864837945
2021-10-18 03:22:08.245697: Finished make vote 
2021-10-18 03:22:08.246232: Sending vote message to : 1
2021-10-18 03:22:08.249683: Message loss in replica
2021-10-18 03:22:09.149416: Received Client Request from 0
2021-10-18 03:22:09.150533: verified client signature for cmd 0----->7
2021-10-18 03:22:09.151934: Received proposal message from 2 containing block ->Block Author :2 Transactions :0----->7
2021-10-18 03:22:09.152467: Started event processing for message <libra.Objects.ProposalMsg object at 0x106558a10> of type proposal_message
2021-10-18 03:22:09.152984: Started event processing
2021-10-18 03:22:09.153664: Started process certificate qc
2021-10-18 03:22:09.154298: Committed txn : 0----->6 to ledger
2021-10-18 03:22:09.155874: Updated commited-blocks cache
2021-10-18 03:22:09.157138: Pruned pending state tree.
2021-10-18 03:22:09.158154: Advancing round based on qc
2021-10-18 03:22:09.159122: Stopping round in PaceMaker
2021-10-18 03:22:09.162338: Started round in PaceMaker
2021-10-18 03:22:09.163366: Started process certificate qc
2021-10-18 03:22:09.164276: Advancing round based on qc
2021-10-18 03:22:09.164790: Advancing round based on tc
2021-10-18 03:22:09.165378: Executing and Inserting
2021-10-18 03:22:09.165897: Adding block with 2291572153893335205 in ledger pending_map
2021-10-18 03:22:09.166604: Started make vote
2021-10-18 03:22:09.168049: Verified Signatures for proposal.
2021-10-18 03:22:09.168729: Generated signature to make vote 
2021-10-18 03:22:09.169577: Fetching pending state for block_id 2291572153893335205
2021-10-18 03:22:09.180612: Finished make vote 
2021-10-18 03:22:09.181921: Sending vote message to : 2
2021-10-18 03:22:09.182430: Message loss in replica
2021-10-18 03:22:09.183651: Received Client Request from 1
2021-10-18 03:22:09.184436: verified client signature for cmd 1----->7
2021-10-18 03:22:09.257623: Received proposal message from 3 containing block ->Block Author :3 Transactions :1----->7
2021-10-18 03:22:09.258152: Started event processing for message <libra.Objects.ProposalMsg object at 0x106558110> of type proposal_message
2021-10-18 03:22:09.258938: Started event processing
2021-10-18 03:22:09.259553: Started process certificate qc
2021-10-18 03:22:09.260213: Committed txn : 1----->6 to ledger
2021-10-18 03:22:09.261812: Updated commited-blocks cache
2021-10-18 03:22:09.262568: Pruned pending state tree.
2021-10-18 03:22:09.263190: Advancing round based on qc
2021-10-18 03:22:09.263935: Stopping round in PaceMaker
2021-10-18 03:22:09.265077: Started round in PaceMaker
2021-10-18 03:22:09.266331: Started process certificate qc
2021-10-18 03:22:09.267004: Advancing round based on qc
2021-10-18 03:22:09.267846: Advancing round based on tc
2021-10-18 03:22:09.268759: Executing and Inserting
2021-10-18 03:22:09.269263: Adding block with 2385696711227380908 in ledger pending_map
2021-10-18 03:22:09.271124: Started make vote
2021-10-18 03:22:09.272876: Verified Signatures for proposal.
2021-10-18 03:22:09.273672: Generated signature to make vote 
2021-10-18 03:22:09.274192: Fetching pending state for block_id 2385696711227380908
2021-10-18 03:22:09.274716: Finished make vote 
2021-10-18 03:22:09.275310: Sending vote message to : 3
2021-10-18 03:22:09.275838: Message loss in replica
2021-10-18 03:22:09.277628: Received vote message from 2
2021-10-18 03:22:09.278442: Started event processing for message <libra.Objects.VoteMsg object at 0x106558a90> of type vote_message
2021-10-18 03:22:09.280009: Started processing vote message 
2021-10-18 03:22:09.280679: Processing Vote
2021-10-18 03:22:09.281748: Signature verified to process vote. 
2021-10-18 03:22:09.283705: Received vote message from 1
2021-10-18 03:22:09.284263: Started event processing for message <libra.Objects.VoteMsg object at 0x106556c10> of type vote_message
2021-10-18 03:22:09.284756: Started processing vote message 
2021-10-18 03:22:09.285259: Processing Vote
2021-10-18 03:22:09.286050: Signature verified to process vote. 
2021-10-18 03:22:09.286585: Received vote message from 3
2021-10-18 03:22:09.287070: Started event processing for message <libra.Objects.VoteMsg object at 0x106558f50> of type vote_message
2021-10-18 03:22:09.287563: Started processing vote message 
2021-10-18 03:22:09.288041: Processing Vote
2021-10-18 03:22:09.288827: Signature verified to process vote. 
2021-10-18 03:22:09.289340: Started process certificate qc
2021-10-18 03:22:09.290181: Committed txn : 0----->7 to ledger
2021-10-18 03:22:09.292249: Updated commited-blocks cache
2021-10-18 03:22:09.292856: Pruned pending state tree.
2021-10-18 03:22:09.309899: Advancing round based on qc
2021-10-18 03:22:09.311669: Stopping round in PaceMaker
2021-10-18 03:22:09.313276: Started round in PaceMaker
2021-10-18 03:22:09.316396: Started processing new round event 
2021-10-18 03:22:10.149911: Received Client Request from 0
2021-10-18 03:22:10.150910: verified client signature for cmd 0----->8
2021-10-18 03:22:10.151932: Generating Block
2021-10-18 03:22:10.152550: Sending Proposal message to all replicas containing block ->Block Author :0 Transactions :0----->8
2021-10-18 03:22:10.153111: Sending new round event 
2021-10-18 03:22:10.155704: Received proposal message from 0 containing block ->Block Author :0 Transactions :0----->8
2021-10-18 03:22:10.156433: Started event processing for message <libra.Objects.ProposalMsg object at 0x10622bc50> of type proposal_message
2021-10-18 03:22:10.157074: Started event processing
2021-10-18 03:22:10.157834: Started process certificate qc
2021-10-18 03:22:10.158416: Advancing round based on qc
2021-10-18 03:22:10.158971: Started process certificate qc
2021-10-18 03:22:10.159568: Advancing round based on qc
2021-10-18 03:22:10.160204: Advancing round based on tc
2021-10-18 03:22:10.160816: Executing and Inserting
2021-10-18 03:22:10.161383: Adding block with -2039753925507641262 in ledger pending_map
2021-10-18 03:22:10.161971: Started make vote
2021-10-18 03:22:10.163260: Verified Signatures for proposal.
2021-10-18 03:22:10.163994: Generated signature to make vote 
2021-10-18 03:22:10.164567: Fetching pending state for block_id -2039753925507641262
2021-10-18 03:22:10.165137: Finished make vote 
2021-10-18 03:22:10.165715: Sending vote message to : 0
2021-10-18 03:22:10.166220: Message loss in replica
2021-10-18 03:22:10.196568: Received Client Request from 1
2021-10-18 03:22:10.197665: verified client signature for cmd 1----->8
2021-10-18 03:22:10.274567: Received proposal message from 1 containing block ->Block Author :1 Transactions :1----->8
2021-10-18 03:22:10.275365: Started event processing for message <libra.Objects.ProposalMsg object at 0x10622ebd0> of type proposal_message
2021-10-18 03:22:10.275913: Started event processing
2021-10-18 03:22:10.276437: Started process certificate qc
2021-10-18 03:22:10.277098: Committed txn : 1----->7 to ledger
2021-10-18 03:22:10.278238: Updated commited-blocks cache
2021-10-18 03:22:10.278866: Pruned pending state tree.
2021-10-18 03:22:10.279476: Advancing round based on qc
2021-10-18 03:22:10.280037: Stopping round in PaceMaker
2021-10-18 03:22:10.280866: Started round in PaceMaker
2021-10-18 03:22:10.281731: Started process certificate qc
2021-10-18 03:22:10.282327: Advancing round based on qc
2021-10-18 03:22:10.282957: Advancing round based on tc
2021-10-18 03:22:10.283635: Executing and Inserting
2021-10-18 03:22:10.284336: Adding block with 7075738697550792794 in ledger pending_map
2021-10-18 03:22:10.284959: Started make vote
2021-10-18 03:22:10.286256: Verified Signatures for proposal.
2021-10-18 03:22:10.286901: Generated signature to make vote 
2021-10-18 03:22:10.287436: Fetching pending state for block_id 7075738697550792794
2021-10-18 03:22:10.287969: Finished make vote 
2021-10-18 03:22:10.288464: Sending vote message to : 1
2021-10-18 03:22:10.288959: Message loss in replica
2021-10-18 03:22:11.180327: Received Client Request from 0
2021-10-18 03:22:11.181216: verified client signature for cmd 0----->9
2021-10-18 03:22:11.182218: Received proposal message from 2 containing block ->Block Author :2 Transactions :0----->9
2021-10-18 03:22:11.182775: Started event processing for message <libra.Objects.ProposalMsg object at 0x10622ebd0> of type proposal_message
2021-10-18 03:22:11.183304: Started event processing
2021-10-18 03:22:11.183845: Started process certificate qc
2021-10-18 03:22:11.184542: Committed txn : 0----->8 to ledger
2021-10-18 03:22:11.185511: Updated commited-blocks cache
2021-10-18 03:22:11.186135: Pruned pending state tree.
2021-10-18 03:22:11.186686: Advancing round based on qc
2021-10-18 03:22:11.187239: Stopping round in PaceMaker
2021-10-18 03:22:11.187901: Started round in PaceMaker
2021-10-18 03:22:11.191949: Started process certificate qc
2021-10-18 03:22:11.200269: Advancing round based on qc
2021-10-18 03:22:11.200866: Advancing round based on tc
2021-10-18 03:22:11.201741: Executing and Inserting
2021-10-18 03:22:11.202351: Adding block with 2046786302996995684 in ledger pending_map
2021-10-18 03:22:11.203132: Started make vote
2021-10-18 03:22:11.204574: Verified Signatures for proposal.
2021-10-18 03:22:11.205252: Generated signature to make vote 
2021-10-18 03:22:11.205773: Fetching pending state for block_id 2046786302996995684
2021-10-18 03:22:11.206383: Finished make vote 
2021-10-18 03:22:11.206982: Sending vote message to : 2
2021-10-18 03:22:11.207503: Message loss in replica
2021-10-18 03:22:11.244090: Received Client Request from 1
2021-10-18 03:22:11.245213: verified client signature for cmd 1----->9
2021-10-18 03:22:11.246168: Received dummy txn Request from Root
2021-10-18 03:22:11.246743: Sending ack back to Root
2021-10-18 03:22:11.262449: Received dummy txn Request from Root
2021-10-18 03:22:11.263136: Sending ack back to Root
2021-10-18 03:22:11.283214: Received proposal message from 3 containing block ->Block Author :3 Transactions :1----->9
2021-10-18 03:22:11.284575: Started event processing for message <libra.Objects.ProposalMsg object at 0x10622ed90> of type proposal_message
2021-10-18 03:22:11.286252: Started event processing
2021-10-18 03:22:11.286830: Started process certificate qc
2021-10-18 03:22:11.288054: Committed txn : 1----->8 to ledger
2021-10-18 03:22:11.296445: Updated commited-blocks cache
2021-10-18 03:22:11.299904: Pruned pending state tree.
2021-10-18 03:22:11.301019: Advancing round based on qc
2021-10-18 03:22:11.303861: Stopping round in PaceMaker
2021-10-18 03:22:11.305304: Started round in PaceMaker
2021-10-18 03:22:11.308704: Started process certificate qc
2021-10-18 03:22:11.309553: Advancing round based on qc
2021-10-18 03:22:11.313389: Advancing round based on tc
2021-10-18 03:22:11.313914: Executing and Inserting
2021-10-18 03:22:11.314433: Adding block with 4939521949332538974 in ledger pending_map
2021-10-18 03:22:11.315111: Started make vote
2021-10-18 03:22:11.320851: Verified Signatures for proposal.
2021-10-18 03:22:11.324776: Generated signature to make vote 
2021-10-18 03:22:11.325446: Fetching pending state for block_id 4939521949332538974
2021-10-18 03:22:11.326473: Finished make vote 
2021-10-18 03:22:11.327070: Sending vote message to : 3
2021-10-18 03:22:11.327753: Message loss in replica
2021-10-18 03:22:11.329561: Received vote message from 2
2021-10-18 03:22:11.330288: Started event processing for message <libra.Objects.VoteMsg object at 0x106230d90> of type vote_message
2021-10-18 03:22:11.331070: Started processing vote message 
2021-10-18 03:22:11.331994: Processing Vote
2021-10-18 03:22:11.333623: Signature verified to process vote. 
2021-10-18 03:22:11.334414: Received vote message from 1
2021-10-18 03:22:11.335034: Started event processing for message <libra.Objects.VoteMsg object at 0x106230590> of type vote_message
2021-10-18 03:22:11.335560: Started processing vote message 
2021-10-18 03:22:11.336074: Processing Vote
2021-10-18 03:22:11.336889: Signature verified to process vote. 
2021-10-18 03:22:11.338157: Received vote message from 3
2021-10-18 03:22:11.338717: Started event processing for message <libra.Objects.VoteMsg object at 0x10622bd50> of type vote_message
2021-10-18 03:22:11.339224: Started processing vote message 
2021-10-18 03:22:11.339725: Processing Vote
2021-10-18 03:22:11.340531: Signature verified to process vote. 
2021-10-18 03:22:11.341092: Started process certificate qc
2021-10-18 03:22:11.341964: Committed txn : 0----->9 to ledger
2021-10-18 03:22:11.343176: Updated commited-blocks cache
2021-10-18 03:22:11.344088: Pruned pending state tree.
2021-10-18 03:22:11.344817: Advancing round based on qc
2021-10-18 03:22:11.345445: Stopping round in PaceMaker
2021-10-18 03:22:11.346235: Started round in PaceMaker
2021-10-18 03:22:11.347195: Started processing new round event 
2021-10-18 03:22:11.347835: Generating Block
2021-10-18 03:22:11.348441: Sending Proposal message to all replicas containing block ->Block Author :0 Transactions :2--->dummy_txn0
2021-10-18 03:22:11.348981: Sending new round event 
2021-10-18 03:22:11.351505: Received proposal message from 0 containing block ->Block Author :0 Transactions :2--->dummy_txn0
2021-10-18 03:22:11.352281: Started event processing for message <libra.Objects.ProposalMsg object at 0x10622e590> of type proposal_message
2021-10-18 03:22:11.353023: Started event processing
2021-10-18 03:22:11.353726: Started process certificate qc
2021-10-18 03:22:11.354347: Advancing round based on qc
2021-10-18 03:22:11.354926: Started process certificate qc
2021-10-18 03:22:11.355520: Advancing round based on qc
2021-10-18 03:22:11.356072: Advancing round based on tc
2021-10-18 03:22:11.356839: Executing and Inserting
2021-10-18 03:22:11.357587: Adding block with 7574022722785759166 in ledger pending_map
2021-10-18 03:22:11.358728: Started make vote
2021-10-18 03:22:11.360377: Verified Signatures for proposal.
2021-10-18 03:22:11.361472: Generated signature to make vote 
2021-10-18 03:22:11.362275: Fetching pending state for block_id 7574022722785759166
2021-10-18 03:22:11.362872: Finished make vote 
2021-10-18 03:22:11.363509: Sending vote message to : 0
2021-10-18 03:22:11.364340: Message loss in replica
2021-10-18 03:22:11.427624: Received proposal message from 1 containing block ->Block Author :1 Transactions :2--->dummy_txn1
2021-10-18 03:22:11.429797: Started event processing for message <libra.Objects.ProposalMsg object at 0x106233450> of type proposal_message
2021-10-18 03:22:11.430700: Started event processing
2021-10-18 03:22:11.431462: Started process certificate qc
2021-10-18 03:22:11.432138: Committed txn : 1----->9 to ledger
2021-10-18 03:22:11.436753: Updated commited-blocks cache
2021-10-18 03:22:11.448785: Pruned pending state tree.
2021-10-18 03:22:11.450266: Advancing round based on qc
2021-10-18 03:22:11.451557: Stopping round in PaceMaker
2021-10-18 03:22:11.452151: Started round in PaceMaker
2021-10-18 03:22:11.453017: Started process certificate qc
2021-10-18 03:22:11.453744: Advancing round based on qc
2021-10-18 03:22:11.454385: Advancing round based on tc
2021-10-18 03:22:11.454941: Executing and Inserting
2021-10-18 03:22:11.455714: Adding block with -5008410632961652404 in ledger pending_map
2021-10-18 03:22:11.456403: Started make vote
2021-10-18 03:22:11.457708: Verified Signatures for proposal.
2021-10-18 03:22:11.458309: Generated signature to make vote 
2021-10-18 03:22:11.458789: Fetching pending state for block_id -5008410632961652404
2021-10-18 03:22:11.459153: Finished make vote 
2021-10-18 03:22:11.459540: Sending vote message to : 1
2021-10-18 03:22:11.460178: Message loss in replica
2021-10-18 03:22:11.461057: Received Terminate signal from Root
2021-10-18 03:22:11.462077: Terminate replica :0
2021-10-18 03:22:11.462589: Stopping round in PaceMaker
2021-10-18 03:22:11.463063: Replica 0 is terminated
