2021-10-18 02:50:26.457631: Creating client 74
2021-10-18 02:50:26.458112: Attributes of client 74:
number_of_requests :4
request_gap :1
faulty_client :False
2021-10-18 02:50:27.699011: Client is sending :74----->0 to all replicas
2021-10-18 02:50:28.889137: Client is sending :74----->1 to all replicas
2021-10-18 02:50:29.920664: Client is sending :74----->2 to all replicas
2021-10-18 02:50:30.926924: Client is sending :74----->3 to all replicas
2021-10-18 02:50:30.929440: Received transaction :74----->0 committed message from replica 1
2021-10-18 02:50:30.930761: Transactions committed count :0,4
2021-10-18 02:50:30.931132: Received transaction :74----->0 committed message from replica 3
2021-10-18 02:50:30.931734: Transactions committed count :0,4
2021-10-18 02:50:30.932004: Received transaction :74----->0 committed message from replica 0
2021-10-18 02:50:30.932283: Transactions committed count :1,4
2021-10-18 02:50:30.932554: Received transaction :74----->0 committed message from replica 2
2021-10-18 02:50:30.932790: Transactions committed count :1,4
2021-10-18 02:50:35.810176: Received transaction :74----->1 committed message from replica 3
2021-10-18 02:50:35.810530: Transactions committed count :1,4
2021-10-18 02:50:35.816435: Received transaction :74----->1 committed message from replica 0
2021-10-18 02:50:35.817225: Transactions committed count :1,4
2021-10-18 02:50:35.822565: Received transaction :74----->1 committed message from replica 2
2021-10-18 02:50:35.823111: Transactions committed count :2,4
2021-10-18 02:50:35.823355: Request root to send dummy txns to replicas
2021-10-18 02:50:35.826041: Received transaction :74----->1 committed message from replica 1
2021-10-18 02:50:35.826570: Transactions committed count :2,4
2021-10-18 02:50:40.683308: Received transaction :74----->2 committed message from replica 2
2021-10-18 02:50:40.684085: Transactions committed count :2,4
2021-10-18 02:50:40.701357: Received transaction :74----->2 committed message from replica 3
2021-10-18 02:50:40.701696: Transactions committed count :2,4
2021-10-18 02:50:40.706123: Received transaction :74----->2 committed message from replica 1
2021-10-18 02:50:40.707112: Transactions committed count :3,4
2021-10-18 02:50:40.708453: Received transaction :74----->2 committed message from replica 0
2021-10-18 02:50:40.709236: Transactions committed count :3,4
2021-10-18 02:50:45.543720: Received transaction :74----->3 committed message from replica 0
2021-10-18 02:50:45.544322: Transactions committed count :3,4
2021-10-18 02:50:45.559090: Received transaction :74----->3 committed message from replica 2
2021-10-18 02:50:45.559451: Transactions committed count :3,4
2021-10-18 02:50:45.561800: Received transaction :74----->3 committed message from replica 1
2021-10-18 02:50:45.562086: Transactions committed count :4,4
2021-10-18 02:50:45.562357: Terminating client 74
